Warning: Flow failed to import. Set the environment variable D4RL_SUPPRESS_IMPORT_ERROR=1 to suppress this message.
No module named 'flow'
INFO:absl:MUJOCO_GL is not set, so an OpenGL backend will be chosen automatically.
/home-nfs/doctorduality/mc3/envs/ml2/lib/python3.9/site-packages/glfw/__init__.py:906: GLFWError: (65544) b'X11: The DISPLAY environment variable is missing'
  warnings.warn(message, GLFWError)
INFO:absl:Successfully imported OpenGL backend: glfw
INFO:absl:MuJoCo library version is: 210
Warning: CARLA failed to import. Set the environment variable D4RL_SUPPRESS_IMPORT_ERROR=1 to suppress this message.
No module named 'carla'
pybullet build time: Dec  1 2021 18:34:28
/home-nfs/doctorduality/mc3/envs/ml2/lib/python3.9/site-packages/gym/spaces/box.py:73: UserWarning: [33mWARN: Box bound precision lowered by casting to float32[0m
  logger.warn(
/share/data/mei-work/jolly/decision_transformers/sql/evaluation/DTevaluation.py:52: UserWarning: Creating a tensor from a list of numpy.ndarrays is extremely slow. Please consider converting the list to a single numpy.ndarray with numpy.array() before converting to a tensor. (Triggered internally at  /opt/conda/conda-bld/pytorch_1639180487213/work/torch/csrc/utils/tensor_new.cpp:201.)
  s = torch.tensor([env.reset()], dtype=self.dtype, device=self.device)
/share/data/mei-work/jolly/decision_transformers/sql/evaluation/DTevaluation.py:71: UserWarning: To copy construct from a tensor, it is recommended to use sourceTensor.clone().detach() or sourceTensor.clone().detach().requires_grad_(True), rather than torch.tensor(sourceTensor).
  a = torch.cat((a, torch.tensor(action, dtype=self.dtype, device=self.device).reshape(1, -1)))
JJ DT Experiment with 10000 training steps, 0.0001 learning rate, 10000 warmup steps, and start seed 2
==================================================
Starting new experiment: walker2d medium-replay
1093 trajectories, 302000 timesteps found
Average return: 682.70, std: 895.96
Max return: 4132.00, min: -50.20
==================================================
==================================================
Iteration with seed 2
Train
Training time:  1106.5509927272797
Training time per batch:  0.11065509927272797
BM Evaluate
evaluation time:  312.9784662723541
mean return 2528.040551487684
std returns 835.5899556739847
mean lengths 744.14
std lengths 210.80849223880898
{'gamma': 1, 'hidden_dim': 128, 'lr': 0.0001, 'alpha': 1, 'act_f': 'relu', 'n_layer': 3, 'n_head': 1, 'sequence_length': 20, 'weight_decay': 0.0001, 'warmup_method': 1, 'warmup_steps': 10000, 'grad_norm_clip': 0.25, 'batch_size': 64, 'env_name': 'walker2d', 'dataset': 'medium-replay', 'mode': 'normal', 'pct_traj': 1.0, 'seed': 2, 'n_eval_episodes': 100, 'training_steps': 10000, 'max_ep_len': 1000, 'scale': 1000.0, 'env_target': 5000, 'return_mean': 2528.040551487684, 'return_std': 835.5899556739847, 'length_mean': 744.14, 'length_std': 210.80849223880898, 'model': 'BM', 'evaluater': 'BM_Evaluater'}
Evaluate
evaluation time:  50.59879231452942
mean return 4.179559151285576
std returns 0.16249319578911756
mean lengths 120.89
std lengths 2.9288052171491366
{'gamma': 1, 'hidden_dim': 128, 'lr': 0.0001, 'alpha': 1, 'act_f': 'relu', 'n_layer': 3, 'n_head': 1, 'sequence_length': 20, 'weight_decay': 0.0001, 'warmup_method': 1, 'warmup_steps': 10000, 'grad_norm_clip': 0.25, 'batch_size': 64, 'env_name': 'walker2d', 'dataset': 'medium-replay', 'mode': 'normal', 'pct_traj': 1.0, 'seed': 2, 'n_eval_episodes': 100, 'training_steps': 10000, 'max_ep_len': 1000, 'scale': 1000.0, 'env_target': 5000, 'return_mean': 4.179559151285576, 'return_std': 0.16249319578911756, 'length_mean': 120.89, 'length_std': 2.9288052171491366, 'model': 'BM', 'evaluater': 'DT_Evaluater'}
