Warning: Flow failed to import. Set the environment variable D4RL_SUPPRESS_IMPORT_ERROR=1 to suppress this message.
No module named 'flow'
INFO:absl:MUJOCO_GL is not set, so an OpenGL backend will be chosen automatically.
/home-nfs/doctorduality/mc3/envs/ml2/lib/python3.9/site-packages/glfw/__init__.py:906: GLFWError: (65544) b'X11: The DISPLAY environment variable is missing'
  warnings.warn(message, GLFWError)
INFO:absl:Successfully imported OpenGL backend: glfw
INFO:absl:MuJoCo library version is: 210
Warning: CARLA failed to import. Set the environment variable D4RL_SUPPRESS_IMPORT_ERROR=1 to suppress this message.
No module named 'carla'
pybullet build time: Dec  1 2021 18:34:28
/home-nfs/doctorduality/mc3/envs/ml2/lib/python3.9/site-packages/gym/spaces/box.py:73: UserWarning: [33mWARN: Box bound precision lowered by casting to float32[0m
  logger.warn(
/share/data/mei-work/jolly/decision_transformers/sql/evaluation/DTevaluation.py:52: UserWarning: Creating a tensor from a list of numpy.ndarrays is extremely slow. Please consider converting the list to a single numpy.ndarray with numpy.array() before converting to a tensor. (Triggered internally at  /opt/conda/conda-bld/pytorch_1639180487213/work/torch/csrc/utils/tensor_new.cpp:201.)
  s = torch.tensor([env.reset()], dtype=self.dtype, device=self.device)
/share/data/mei-work/jolly/decision_transformers/sql/evaluation/DTevaluation.py:71: UserWarning: To copy construct from a tensor, it is recommended to use sourceTensor.clone().detach() or sourceTensor.clone().detach().requires_grad_(True), rather than torch.tensor(sourceTensor).
  a = torch.cat((a, torch.tensor(action, dtype=self.dtype, device=self.device).reshape(1, -1)))
JJ DT Experiment with 10000 training steps, 0.0001 learning rate, 10000 warmup steps, and start seed 7
==================================================
Starting new experiment: walker2d medium
1190 trajectories, 999995 timesteps found
Average return: 2852.09, std: 1095.44
Max return: 4226.94, min: -6.61
==================================================
==================================================
Iteration with seed 7
Train
Training time:  1625.8916127681732
Training time per batch:  0.16258916127681733
BM Evaluate
evaluation time:  365.2914822101593
mean return 3452.193023017325
std returns 673.9222078888839
mean lengths 930.42
std lengths 173.67395774842007
{'gamma': 1, 'hidden_dim': 128, 'lr': 0.0001, 'alpha': 1, 'act_f': 'relu', 'n_layer': 3, 'n_head': 1, 'sequence_length': 20, 'weight_decay': 0.0001, 'warmup_method': 1, 'warmup_steps': 10000, 'grad_norm_clip': 0.25, 'batch_size': 64, 'env_name': 'walker2d', 'dataset': 'medium', 'mode': 'normal', 'pct_traj': 1.0, 'seed': 7, 'n_eval_episodes': 100, 'training_steps': 10000, 'max_ep_len': 1000, 'scale': 1000.0, 'env_target': 5000, 'return_mean': 3452.193023017325, 'return_std': 673.9222078888839, 'length_mean': 930.42, 'length_std': 173.67395774842007, 'model': 'BM', 'evaluater': 'BM_Evaluater'}
Evaluate
evaluation time:  259.72826075553894
mean return 50.40995627652752
std returns 19.04530196563016
mean lengths 646.16
std lengths 223.78211367309945
{'gamma': 1, 'hidden_dim': 128, 'lr': 0.0001, 'alpha': 1, 'act_f': 'relu', 'n_layer': 3, 'n_head': 1, 'sequence_length': 20, 'weight_decay': 0.0001, 'warmup_method': 1, 'warmup_steps': 10000, 'grad_norm_clip': 0.25, 'batch_size': 64, 'env_name': 'walker2d', 'dataset': 'medium', 'mode': 'normal', 'pct_traj': 1.0, 'seed': 7, 'n_eval_episodes': 100, 'training_steps': 10000, 'max_ep_len': 1000, 'scale': 1000.0, 'env_target': 5000, 'return_mean': 50.40995627652752, 'return_std': 19.04530196563016, 'length_mean': 646.16, 'length_std': 223.78211367309945, 'model': 'BM', 'evaluater': 'DT_Evaluater'}
