Warning: Flow failed to import. Set the environment variable D4RL_SUPPRESS_IMPORT_ERROR=1 to suppress this message.
No module named 'flow'
INFO:absl:MUJOCO_GL is not set, so an OpenGL backend will be chosen automatically.
/home-nfs/doctorduality/mc3/envs/ml2/lib/python3.9/site-packages/glfw/__init__.py:906: GLFWError: (65544) b'X11: The DISPLAY environment variable is missing'
  warnings.warn(message, GLFWError)
INFO:absl:Successfully imported OpenGL backend: glfw
INFO:absl:MuJoCo library version is: 210
Warning: CARLA failed to import. Set the environment variable D4RL_SUPPRESS_IMPORT_ERROR=1 to suppress this message.
No module named 'carla'
pybullet build time: Dec  1 2021 18:34:28
/home-nfs/doctorduality/mc3/envs/ml2/lib/python3.9/site-packages/gym/spaces/box.py:73: UserWarning: [33mWARN: Box bound precision lowered by casting to float32[0m
  logger.warn(
/share/data/mei-work/jolly/decision_transformers/sql/evaluation/DTevaluation.py:52: UserWarning: Creating a tensor from a list of numpy.ndarrays is extremely slow. Please consider converting the list to a single numpy.ndarray with numpy.array() before converting to a tensor. (Triggered internally at  /opt/conda/conda-bld/pytorch_1639180487213/work/torch/csrc/utils/tensor_new.cpp:201.)
  s = torch.tensor([env.reset()], dtype=self.dtype, device=self.device)
/share/data/mei-work/jolly/decision_transformers/sql/evaluation/DTevaluation.py:71: UserWarning: To copy construct from a tensor, it is recommended to use sourceTensor.clone().detach() or sourceTensor.clone().detach().requires_grad_(True), rather than torch.tensor(sourceTensor).
  a = torch.cat((a, torch.tensor(action, dtype=self.dtype, device=self.device).reshape(1, -1)))
JJ DT Experiment with 10000 training steps, 0.0001 learning rate, 10000 warmup steps, and start seed 3
==================================================
Starting new experiment: walker2d expert
1000 trajectories, 999214 timesteps found
Average return: 4920.51, std: 136.39
Max return: 5011.69, min: 763.42
==================================================
==================================================
Iteration with seed 3
Train
Training time:  1519.2880725860596
Training time per batch:  0.15192880725860597
BM Evaluate
evaluation time:  427.9429221153259
mean return 4735.286352883361
std returns 652.5693737780748
mean lengths 941.13
std lengths 119.11453773574408
{'gamma': 1, 'hidden_dim': 128, 'lr': 0.0001, 'alpha': 1, 'act_f': 'relu', 'n_layer': 3, 'n_head': 1, 'sequence_length': 20, 'weight_decay': 0.0001, 'warmup_method': 1, 'warmup_steps': 10000, 'grad_norm_clip': 0.25, 'batch_size': 64, 'env_name': 'walker2d', 'dataset': 'expert', 'mode': 'normal', 'pct_traj': 1.0, 'seed': 3, 'n_eval_episodes': 100, 'training_steps': 10000, 'max_ep_len': 1000, 'scale': 1000.0, 'env_target': 5000, 'return_mean': 4735.286352883361, 'return_std': 652.5693737780748, 'length_mean': 941.13, 'length_std': 119.11453773574408, 'model': 'BM', 'evaluater': 'BM_Evaluater'}
Evaluate
evaluation time:  48.314125061035156
mean return 4.960515220677098
std returns 0.7144329167568664
mean lengths 105.43
std lengths 14.27252955856109
{'gamma': 1, 'hidden_dim': 128, 'lr': 0.0001, 'alpha': 1, 'act_f': 'relu', 'n_layer': 3, 'n_head': 1, 'sequence_length': 20, 'weight_decay': 0.0001, 'warmup_method': 1, 'warmup_steps': 10000, 'grad_norm_clip': 0.25, 'batch_size': 64, 'env_name': 'walker2d', 'dataset': 'expert', 'mode': 'normal', 'pct_traj': 1.0, 'seed': 3, 'n_eval_episodes': 100, 'training_steps': 10000, 'max_ep_len': 1000, 'scale': 1000.0, 'env_target': 5000, 'return_mean': 4.960515220677098, 'return_std': 0.7144329167568664, 'length_mean': 105.43, 'length_std': 14.27252955856109, 'model': 'BM', 'evaluater': 'DT_Evaluater'}
