Warning: Flow failed to import. Set the environment variable D4RL_SUPPRESS_IMPORT_ERROR=1 to suppress this message.
No module named 'flow'
INFO:absl:MUJOCO_GL is not set, so an OpenGL backend will be chosen automatically.
/home-nfs/doctorduality/mc3/envs/ml/lib/python3.9/site-packages/glfw/__init__.py:906: GLFWError: (65544) b'X11: The DISPLAY environment variable is missing'
  warnings.warn(message, GLFWError)
INFO:absl:Successfully imported OpenGL backend: glfw
INFO:absl:MuJoCo library version is: 210
Warning: CARLA failed to import. Set the environment variable D4RL_SUPPRESS_IMPORT_ERROR=1 to suppress this message.
No module named 'carla'
pybullet build time: Dec  1 2021 18:34:28
/home-nfs/doctorduality/mc3/envs/ml/lib/python3.9/site-packages/gym/spaces/box.py:73: UserWarning: [33mWARN: Box bound precision lowered by casting to float32[0m
  logger.warn(
JJ DT Experiment with 10000 training steps, 0.0001 learning rate, 10000 warmup steps, and start seed 1
==================================================
Starting new experiment: halfcheetah medium-replay
202 trajectories, 202000 timesteps found
Average return: 3093.29, std: 1680.69
Max return: 4985.14, min: -638.49
==================================================
Traceback (most recent call last):
  File "/share/data/mei-work/jolly/decision_transformers/sql/jonathans_experiment.py", line 98, in <module>
    dta = DecisionTransformerAgent(env_name=env_name, hidden_dim=hidden_dim, lr=lr, act_f=act_f, n_layer=n_layer,
  File "/share/data/mei-work/jolly/decision_transformers/sql/DTagents.py", line 52, in __init__
    self.model = DecisionTransformer(hidden_dim, 5000, self.state_dim, self.action_dim, act_f, n_layer, n_head, device=device, sequence_length=sequence_length)
  File "/share/data/mei-work/jolly/decision_transformers/sql/models/models.py", line 33, in __init__
    self.GPT2 = GPT2Model(config)
  File "/share/data/mei-work/jolly/decision_transformers/sql/models/trajectory_gpt2.py", line 523, in __init__
    self.h = nn.ModuleList([Block(config.n_ctx, config, scale=True) for _ in range(config.n_layer)])
  File "/share/data/mei-work/jolly/decision_transformers/sql/models/trajectory_gpt2.py", line 523, in <listcomp>
    self.h = nn.ModuleList([Block(config.n_ctx, config, scale=True) for _ in range(config.n_layer)])
  File "/home-nfs/doctorduality/mc3/envs/ml/lib/python3.9/site-packages/transformers/configuration_utils.py", line 245, in __getattribute__
    return super().__getattribute__(key)
AttributeError: 'GPT2Config' object has no attribute 'n_ctx'
